<?xml version="1.0" encoding="UTF-8"?>
<!-- Generated by org.testng.reporters.JUnitReportReporter -->
<testsuite hostname="Madhu" name="com.cucumberFramework.testRunner.TestRunner" tests="1" failures="0" timestamp="31 Dec 2021 07:43:03 GMT" time="49.199" errors="0">
  <testcase name="feature" time="49.199" classname="com.cucumberFramework.testRunner.TestRunner"/>
</testsuite> <!-- com.cucumberFramework.testRunner.TestRunner -->
